\begin{table}[ht!]
\centering
\begin{tabular}{|c|c|c|c|c|c|c|c|}
\hline
Instancia & Grasp-Média & Grasp-Mediana & Grasp-Desvio & Grasp-Máximo & Grasp-Mínimo & VND-Média & VND-Mediana & VND-Desvio & VND-Máximo & VND-Mínimo & Genético-Média & Genético-Mediana & Genético-Desvio & Genético-Máximo & Genético-Mínimo & Memético-Média & Memético-Mediana & Memético-Desvio & Memético-Máximo & Memético-Mínimo \\
\hline
1 & -3762.73 & -3541.75 & 598.07 & -3231.60 & -5458.50 & -66293.75 & -55328.40 & 46690.74 & -10150.60 & -128542.00 & -29756.78 & -29230.40 & 7024.20 & -17542.60 & -42628.60 & -4822.52 & -4570.35 & 1064.98 & -3231.60 & -7475.60 & \\
2 & -3078.08 & -2872.30 & 480.37 & -2359.60 & -3946.80 & -50142.88 & -32398.55 & 37418.51 & -11954.30 & -123957.00 & -22907.92 & -23577.05 & 5808.54 & -10187.50 & -34816.50 & -3197.41 & -3075.40 & 1158.27 & -481.50 & -5449.90 & \\
3 & -2739.37 & -2698.50 & 576.75 & -1025.80 & -3721.30 & -51772.53 & -38101.45 & 37204.67 & -7476.60 & -126316.00 & -22291.72 & -22750.20 & 5834.49 & -10572.70 & -32654.40 & -3447.72 & -3502.75 & 1116.64 & -609.50 & -5377.60 & \\
4 & -7200.16 & -7122.55 & 512.34 & -6515.30 & -8353.70 & -59162.78 & -44599.20 & 39820.45 & -14424.10 & -130635.00 & -28931.38 & -27202.55 & 7123.09 & -12108.20 & -47748.10 & -6742.55 & -6681.85 & 1170.49 & -4721.20 & -9774.60 & \\
5 & -7280.88 & -7388.65 & 1056.51 & -5894.70 & -9108.70 & -59283.28 & -47237.75 & 41278.80 & -15373.40 & -131102.00 & -27786.75 & -27632.40 & 5865.85 & -18366.10 & -45268.60 & -8417.20 & -8455.30 & 1733.29 & -5442.20 & -12108.70 & \\
6 & -1172.57 & -1079.10 & 720.65 & -245.20 & -2659.50 & -69197.07 & -80748.10 & 43967.77 & -9409.00 & -137918.00 & -23260.56 & -22233.20 & 5221.76 & -15507.40 & -35129.90 & -2980.66 & -2908.35 & 1333.13 & -741.20 & -6081.40 & \\
7 & -6066.36 & -6193.15 & 678.49 & -4882.90 & -7458.30 & -52412.71 & -34203.75 & 38243.93 & -9043.00 & -125540.00 & -28125.42 & -28785.55 & 5904.58 & -14156.30 & -39858.30 & -7163.68 & -7117.70 & 1522.85 & -3513.40 & -9782.00 & \\
8 & -5908.67 & -6202.00 & 993.08 & -4023.70 & -7894.60 & -57735.50 & -35756.40 & 40110.80 & -14169.80 & -130020.00 & -28646.27 & -27297.65 & 6016.89 & -19350.30 & -39463.00 & -7915.53 & -7449.55 & 2137.96 & -4866.10 & -13474.00 & \\
9 & -3238.86 & -3533.20 & 1047.47 & -1908.50 & -4930.90 & -55227.17 & -44846.70 & 40880.95 & -11413.80 & -138546.00 & -24352.88 & -24229.10 & 6419.13 & -8060.90 & -36327.00 & -4793.09 & -4307.80 & 1600.57 & -1908.50 & -7896.80 & \\
10 & -2113.89 & -2055.55 & 268.00 & -1733.90 & -3136.80 & -44786.58 & -24671.50 & 31677.26 & -5238.20 & -111136.00 & -25234.78 & -23939.45 & 6029.61 & -15007.40 & -42954.90 & -3495.59 & -3484.05 & 1491.95 & -590.60 & -7736.90 & \\
11 & -4332.03 & -4334.80 & 701.99 & -2570.70 & -5289.40 & -66087.15 & -32889.90 & 48134.08 & -11382.70 & -130224.00 & -23411.40 & -22541.25 & 5043.91 & -13069.90 & -34099.70 & -4757.52 & -4629.65 & 1035.91 & -3259.30 & -7212.80 & \\
12 & -5054.14 & -5223.60 & 562.57 & -3836.30 & -6109.10 & -50084.44 & -30349.90 & 32015.14 & -15077.90 & -116704.00 & -28051.71 & -27913.90 & 6084.60 & -14103.90 & -40150.10 & -5065.72 & -4753.95 & 1314.08 & -2730.70 & -8612.50 & \\
13 & -6651.35 & -7057.20 & 995.34 & -5210.40 & -8459.70 & -53683.75 & -32289.45 & 38049.20 & -19481.70 & -133231.00 & -27684.34 & -28288.85 & 6125.72 & -18006.70 & -39863.80 & -7725.98 & -7478.00 & 1483.44 & -5061.30 & -11240.40 & \\
14 & -2643.82 & -2655.70 & 398.18 & -1322.20 & -3384.20 & -41044.12 & -17289.20 & 42532.86 & -3760.60 & -127661.00 & -20794.83 & -19487.45 & 6791.35 & -8994.90 & -41005.60 & -3226.48 & -3238.50 & 1030.63 & -985.40 & -5725.70 & \\
15 & -6838.63 & -6552.45 & 816.45 & -5051.10 & -8385.30 & -43432.81 & -31775.15 & 26256.22 & -12901.70 & -123454.00 & -27943.97 & -28103.30 & 5635.19 & -15507.60 & -38278.20 & -7448.08 & -7524.30 & 1507.61 & -3967.60 & -10293.80 & \\
16 & -6198.69 & -6084.00 & 672.01 & -5489.60 & -7675.70 & -43124.69 & -24259.10 & 36184.73 & -13760.70 & -134622.00 & -28197.65 & -28793.25 & 4444.19 & -19144.50 & -36620.30 & -6351.13 & -6204.70 & 1566.73 & -3781.40 & -10221.50 & \\
17 & -10298.40 & -10105.00 & 478.60 & -9521.20 & -11087.20 & -64535.60 & -51412.60 & 41821.41 & -20578.20 & -133575.00 & -32676.39 & -33399.05 & 4783.00 & -23813.40 & -44849.20 & -10460.68 & -10615.05 & 1409.58 & -8076.80 & -12879.70 & \\
18 & -5146.36 & -4868.40 & 536.81 & -4420.10 & -6308.30 & -44520.14 & -28215.45 & 34412.15 & -11336.10 & -122228.00 & -26810.53 & -27525.05 & 6060.88 & -11934.60 & -38181.20 & -4933.34 & -4831.30 & 1735.75 & -2210.60 & -9969.20 & \\
19 & -4029.78 & -3901.35 & 335.98 & -3713.30 & -4866.00 & -60299.61 & -54517.60 & 38592.28 & -12196.40 & -133384.00 & -24538.67 & -24713.65 & 4917.21 & -13587.20 & -36003.90 & -3464.39 & -3453.80 & 1038.71 & -2077.20 & -5896.20 & \\
20 & -4753.01 & -4792.00 & 822.83 & -3315.40 & -6409.30 & -52774.50 & -29315.60 & 40766.15 & -13801.30 & -130801.00 & -27224.08 & -28298.65 & 6034.21 & -11005.10 & -37914.80 & -6290.25 & -6523.20 & 1872.33 & -1672.50 & -10118.50 & \\
\hline
\end{tabular}
\caption{Estatísticas dos algoritmos em diferentes instâncias}
\end{table}
