\begin{table}[ht!]
\centering
\renewcommand{\arraystretch}{1.2}
\begin{tabular}{|p{2cm}|c|c|c|c|c|}
\hline
\multirow{2}{2cm}{\textbf{Inst\^ancia}} & \multicolumn{5}{c|}{\textbf{genetic}} \\
\cline{2-6}
& \textbf{M\'edia} & \textbf{Mediana} & \textbf{Desvio Padr\'ao} & \textbf{M\'aximo} & \textbf{M\'inimo} \\
\hline
1 & -29756.78 & -29230.40 & 7024.20 & -17542.60 & -42628.60 \\
\cline{1-6}
2 & -22907.92 & -23577.05 & 5808.54 & -10187.50 & -34816.50 \\
\cline{1-6}
3 & -22291.72 & -22750.20 & 5834.49 & -10572.70 & -32654.40 \\
\cline{1-6}
4 & -28931.38 & -27202.55 & 7123.09 & -12108.20 & -47748.10 \\
\cline{1-6}
5 & -27786.75 & -27632.40 & 5865.85 & -18366.10 & -45268.60 \\
\cline{1-6}
6 & -23260.56 & -22233.20 & 5221.76 & -15507.40 & -35129.90 \\
\cline{1-6}
7 & -28125.42 & -28785.55 & 5904.58 & -14156.30 & -39858.30 \\
\cline{1-6}
8 & -28646.27 & -27297.65 & 6016.89 & -19350.30 & -39463.00 \\
\cline{1-6}
9 & -24352.88 & -24229.10 & 6419.13 & -8060.90 & -36327.00 \\
\cline{1-6}
10 & -25234.78 & -23939.45 & 6029.61 & -15007.40 & -42954.90 \\
\cline{1-6}
11 & -23411.40 & -22541.25 & 5043.91 & -13069.90 & -34099.70 \\
\cline{1-6}
12 & -28051.71 & -27913.90 & 6084.60 & -14103.90 & -40150.10 \\
\cline{1-6}
13 & -27684.34 & -28288.85 & 6125.72 & -18006.70 & -39863.80 \\
\cline{1-6}
14 & -20794.83 & -19487.45 & 6791.35 & -8994.90 & -41005.60 \\
\cline{1-6}
15 & -27943.97 & -28103.30 & 5635.19 & -15507.60 & -38278.20 \\
\cline{1-6}
16 & -28197.65 & -28793.25 & 4444.19 & -19144.50 & -36620.30 \\
\cline{1-6}
17 & -32676.39 & -33399.05 & 4783.00 & -23813.40 & -44849.20 \\
\cline{1-6}
18 & -26810.53 & -27525.05 & 6060.88 & -11934.60 & -38181.20 \\
\cline{1-6}
19 & -24538.67 & -24713.65 & 4917.21 & -13587.20 & -36003.90 \\
\cline{1-6}
20 & -27224.08 & -28298.65 & 6034.21 & -11005.10 & -37914.80 \\
\cline{1-6}
\hline
\end{tabular}
\caption{Resultados genetic para N = 25}
\end{table}
