\begin{table}[ht!]
\centering
\renewcommand{\arraystretch}{1.2}
\begin{tabular}{|p{2cm}|c|c|c|c|c|}
\hline
\multirow{2}{2cm}{\textbf{Inst\^ancia}} & \multicolumn{5}{c|}{\textbf{grasp}} \\
\cline{2-6}
& \textbf{M\'edia} & \textbf{Mediana} & \textbf{Desvio Padr\'ao} & \textbf{M\'aximo} & \textbf{M\'inimo} \\
\hline
1 & -3762.73 & -3541.75 & 598.07 & -3231.60 & -5458.50 \\
\cline{1-6}
2 & -3078.08 & -2872.30 & 480.37 & -2359.60 & -3946.80 \\
\cline{1-6}
3 & -2739.37 & -2698.50 & 576.75 & -1025.80 & -3721.30 \\
\cline{1-6}
4 & -7200.16 & -7122.55 & 512.34 & -6515.30 & -8353.70 \\
\cline{1-6}
5 & -7280.88 & -7388.65 & 1056.51 & -5894.70 & -9108.70 \\
\cline{1-6}
6 & -1172.57 & -1079.10 & 720.65 & -245.20 & -2659.50 \\
\cline{1-6}
7 & -6066.36 & -6193.15 & 678.49 & -4882.90 & -7458.30 \\
\cline{1-6}
8 & -5908.67 & -6202.00 & 993.08 & -4023.70 & -7894.60 \\
\cline{1-6}
9 & -3238.86 & -3533.20 & 1047.47 & -1908.50 & -4930.90 \\
\cline{1-6}
10 & -2113.89 & -2055.55 & 268.00 & -1733.90 & -3136.80 \\
\cline{1-6}
11 & -4332.03 & -4334.80 & 701.99 & -2570.70 & -5289.40 \\
\cline{1-6}
12 & -5054.14 & -5223.60 & 562.57 & -3836.30 & -6109.10 \\
\cline{1-6}
13 & -6651.35 & -7057.20 & 995.34 & -5210.40 & -8459.70 \\
\cline{1-6}
14 & -2643.82 & -2655.70 & 398.18 & -1322.20 & -3384.20 \\
\cline{1-6}
15 & -6838.63 & -6552.45 & 816.45 & -5051.10 & -8385.30 \\
\cline{1-6}
16 & -6198.69 & -6084.00 & 672.01 & -5489.60 & -7675.70 \\
\cline{1-6}
17 & -10298.40 & -10105.00 & 478.60 & -9521.20 & -11087.20 \\
\cline{1-6}
18 & -5146.36 & -4868.40 & 536.81 & -4420.10 & -6308.30 \\
\cline{1-6}
19 & -4029.78 & -3901.35 & 335.98 & -3713.30 & -4866.00 \\
\cline{1-6}
20 & -4753.01 & -4792.00 & 822.83 & -3315.40 & -6409.30 \\
\cline{1-6}
\hline
\end{tabular}
\caption{Resultados grasp para N = 25}
\end{table}
