\begin{table}[ht!]
\centering
\renewcommand{\arraystretch}{1.2}
\begin{tabular}{|p{2cm}|c|c|c|c|c|}
\hline
\multirow{2}{2cm}{\textbf{Inst\^ancia}} & \multicolumn{5}{c|}{\textbf{memetic}} \\
\cline{2-6}
& \textbf{M\'edia} & \textbf{Mediana} & \textbf{Desvio Padr\'ao} & \textbf{M\'aximo} & \textbf{M\'inimo} \\
\hline
1 & -4822.52 & -4570.35 & 1064.98 & -3231.60 & -7475.60 \\
\cline{1-6}
2 & -3197.41 & -3075.40 & 1158.27 & -481.50 & -5449.90 \\
\cline{1-6}
3 & -3447.72 & -3502.75 & 1116.64 & -609.50 & -5377.60 \\
\cline{1-6}
4 & -6742.55 & -6681.85 & 1170.49 & -4721.20 & -9774.60 \\
\cline{1-6}
5 & -8417.20 & -8455.30 & 1733.29 & -5442.20 & -12108.70 \\
\cline{1-6}
6 & -2980.66 & -2908.35 & 1333.13 & -741.20 & -6081.40 \\
\cline{1-6}
7 & -7163.68 & -7117.70 & 1522.85 & -3513.40 & -9782.00 \\
\cline{1-6}
8 & -7915.53 & -7449.55 & 2137.96 & -4866.10 & -13474.00 \\
\cline{1-6}
9 & -4793.09 & -4307.80 & 1600.57 & -1908.50 & -7896.80 \\
\cline{1-6}
10 & -3495.59 & -3484.05 & 1491.95 & -590.60 & -7736.90 \\
\cline{1-6}
11 & -4757.52 & -4629.65 & 1035.91 & -3259.30 & -7212.80 \\
\cline{1-6}
12 & -5065.72 & -4753.95 & 1314.08 & -2730.70 & -8612.50 \\
\cline{1-6}
13 & -7725.98 & -7478.00 & 1483.44 & -5061.30 & -11240.40 \\
\cline{1-6}
14 & -3226.48 & -3238.50 & 1030.63 & -985.40 & -5725.70 \\
\cline{1-6}
15 & -7448.08 & -7524.30 & 1507.61 & -3967.60 & -10293.80 \\
\cline{1-6}
16 & -6351.13 & -6204.70 & 1566.73 & -3781.40 & -10221.50 \\
\cline{1-6}
17 & -10460.68 & -10615.05 & 1409.58 & -8076.80 & -12879.70 \\
\cline{1-6}
18 & -4933.34 & -4831.30 & 1735.75 & -2210.60 & -9969.20 \\
\cline{1-6}
19 & -3464.39 & -3453.80 & 1038.71 & -2077.20 & -5896.20 \\
\cline{1-6}
20 & -6290.25 & -6523.20 & 1872.33 & -1672.50 & -10118.50 \\
\cline{1-6}
\hline
\end{tabular}
\caption{Resultados memetic para N = 25}
\end{table}
