algoritmo: grasp instancia: 1 media: 3690.03
algoritmo: genetic instancia: 1 media: 718.7
algoritmo: memetic instancia: 1 media: 32377.2
algoritmo: grasp instancia: 2 media: 3486.27
algoritmo: genetic instancia: 2 media: 695.433
algoritmo: memetic instancia: 2 media: 31537.4
algoritmo: grasp instancia: 3 media: 3291.53
algoritmo: genetic instancia: 3 media: 732
algoritmo: memetic instancia: 3 media: 21676.2
algoritmo: grasp instancia: 4 media: 3464.83
algoritmo: genetic instancia: 4 media: 698.433
algoritmo: memetic instancia: 4 media: 58348.5
algoritmo: grasp instancia: 5 media: 3385.07
algoritmo: genetic instancia: 5 media: 676.433
algoritmo: memetic instancia: 5 media: 33059.7
algoritmo: grasp instancia: 6 media: 3501.7
algoritmo: genetic instancia: 6 media: 673.633
algoritmo: memetic instancia: 6 media: 21605.7
algoritmo: grasp instancia: 7 media: 3566.47
algoritmo: genetic instancia: 7 media: 676.533
algoritmo: memetic instancia: 7 media: 21695.2
algoritmo: grasp instancia: 8 media: 3357.37
algoritmo: genetic instancia: 8 media: 668.567
algoritmo: memetic instancia: 8 media: 39284.1
algoritmo: grasp instancia: 9 media: 3423.73
algoritmo: genetic instancia: 9 media: 701.733
algoritmo: memetic instancia: 9 media: 27230
algoritmo: grasp instancia: 10 media: 3406.1
algoritmo: genetic instancia: 10 media: 675.633
algoritmo: memetic instancia: 10 media: 21571.4
algoritmo: grasp instancia: 11 media: 3252.3
algoritmo: genetic instancia: 11 media: 719.833
algoritmo: memetic instancia: 11 media: 19358.4
algoritmo: grasp instancia: 12 media: 3427.7
algoritmo: genetic instancia: 12 media: 676.733
algoritmo: memetic instancia: 12 media: 55036.8
algoritmo: grasp instancia: 13 media: 3358.87
algoritmo: genetic instancia: 13 media: 692.7
algoritmo: memetic instancia: 13 media: 47483.2
algoritmo: grasp instancia: 14 media: 3416.5
algoritmo: genetic instancia: 14 media: 674.6
algoritmo: memetic instancia: 14 media: 21551.4
algoritmo: grasp instancia: 15 media: 3389.83
algoritmo: genetic instancia: 15 media: 664.467
algoritmo: memetic instancia: 15 media: 23310.3
algoritmo: grasp instancia: 16 media: 3394.47
algoritmo: genetic instancia: 16 media: 683.9
algoritmo: memetic instancia: 16 media: 37343
algoritmo: grasp instancia: 17 media: 3545.53
algoritmo: genetic instancia: 17 media: 684.2
algoritmo: memetic instancia: 17 media: 37269.5
algoritmo: grasp instancia: 18 media: 3308.83
algoritmo: genetic instancia: 18 media: 656.167
algoritmo: memetic instancia: 18 media: 37948.8
algoritmo: grasp instancia: 19 media: 3309.23
algoritmo: genetic instancia: 19 media: 695.933
algoritmo: memetic instancia: 19 media: 61577.1
algoritmo: grasp instancia: 20 media: 3475.23
algoritmo: genetic instancia: 20 media: 692.067
algoritmo: memetic instancia: 20 media: 34120
algoritmo: grasp instancia: 21 media: 12876.5
algoritmo: genetic instancia: 21 media: 708.4
algoritmo: memetic instancia: 21 media: 51280.7
algoritmo: grasp instancia: 22 media: 12128.9
algoritmo: genetic instancia: 22 media: 677.3
algoritmo: memetic instancia: 22 media: 55550.8
algoritmo: grasp instancia: 23 media: 12633.5
algoritmo: genetic instancia: 23 media: 677.1
algoritmo: memetic instancia: 23 media: 57135.5
algoritmo: grasp instancia: 24 media: 11790.2
algoritmo: genetic instancia: 24 media: 670.133
algoritmo: memetic instancia: 24 media: 60429.6
algoritmo: grasp instancia: 25 media: 12269.6
algoritmo: genetic instancia: 25 media: 675.7
algoritmo: memetic instancia: 25 media: 54858.8
algoritmo: grasp instancia: 26 media: 12285
algoritmo: genetic instancia: 26 media: 683.133
algoritmo: memetic instancia: 26 media: 53409
algoritmo: grasp instancia: 27 media: 13211
algoritmo: genetic instancia: 27 media: 671.767
algoritmo: memetic instancia: 27 media: 90086.7
algoritmo: grasp instancia: 28 media: 12257.7
algoritmo: genetic instancia: 28 media: 684.267
algoritmo: memetic instancia: 28 media: 62892.3
algoritmo: grasp instancia: 29 media: 12509.2
algoritmo: genetic instancia: 29 media: 708.367
algoritmo: memetic instancia: 29 media: 49050.3
algoritmo: grasp instancia: 30 media: 12317.2
algoritmo: genetic instancia: 30 media: 689.333
algoritmo: memetic instancia: 30 media: 65767.7
algoritmo: grasp instancia: 31 media: 24557.7
algoritmo: genetic instancia: 31 media: 678.567
algoritmo: memetic instancia: 31 media: 82320.2
algoritmo: grasp instancia: 32 media: 23097.1
algoritmo: genetic instancia: 32 media: 692.967
algoritmo: memetic instancia: 32 media: 84614.7
algoritmo: grasp instancia: 33 media: 23892.4
algoritmo: genetic instancia: 33 media: 674.333
algoritmo: memetic instancia: 33 media: 83379.8
algoritmo: grasp instancia: 34 media: 23124.7
algoritmo: genetic instancia: 34 media: 733.367
algoritmo: memetic instancia: 34 media: 80670.6
algoritmo: grasp instancia: 35 media: 21897.8
algoritmo: genetic instancia: 35 media: 683.933
algoritmo: memetic instancia: 35 media: 72788.1
algoritmo: grasp instancia: 36 media: 22182.9
algoritmo: genetic instancia: 36 media: 693.233
algoritmo: memetic instancia: 36 media: 87148.1
algoritmo: grasp instancia: 37 media: 23069.4
algoritmo: genetic instancia: 37 media: 686.3
algoritmo: memetic instancia: 37 media: 77654.3
algoritmo: grasp instancia: 38 media: 23235.8
algoritmo: genetic instancia: 38 media: 683.5
algoritmo: memetic instancia: 38 media: 76662.6
algoritmo: grasp instancia: 39 media: 21465.9
algoritmo: genetic instancia: 39 media: 717
algoritmo: memetic instancia: 39 media: 73291.1
algoritmo: grasp instancia: 40 media: 22334
algoritmo: genetic instancia: 40 media: 707.6
algoritmo: memetic instancia: 40 media: 75724.3
algoritmo: grasp instancia: 41 media: 34072.2
algoritmo: genetic instancia: 41 media: 687.233
algoritmo: memetic instancia: 41 media: 96551.4
algoritmo: grasp instancia: 42 media: 32124.8
algoritmo: genetic instancia: 42 media: 691.233
algoritmo: memetic instancia: 42 media: 93975
algoritmo: grasp instancia: 43 media: 34677.7
algoritmo: genetic instancia: 43 media: 679.8
algoritmo: memetic instancia: 43 media: 93753.4
algoritmo: grasp instancia: 44 media: 32757.2
algoritmo: genetic instancia: 44 media: 694.733
algoritmo: memetic instancia: 44 media: 94447.9
algoritmo: grasp instancia: 45 media: 30898.1
algoritmo: genetic instancia: 45 media: 703.3
algoritmo: memetic instancia: 45 media: 84623.4
algoritmo: grasp instancia: 46 media: 32391.8
algoritmo: genetic instancia: 46 media: 701.8
algoritmo: memetic instancia: 46 media: 94297.4
algoritmo: grasp instancia: 47 media: 31312.5
algoritmo: genetic instancia: 47 media: 699.6
algoritmo: memetic instancia: 47 media: 92802.4
algoritmo: grasp instancia: 48 media: 33644.3
algoritmo: genetic instancia: 48 media: 689.267
algoritmo: memetic instancia: 48 media: 96590.1
algoritmo: grasp instancia: 49 media: 35683.9
algoritmo: genetic instancia: 49 media: 700.433
algoritmo: memetic instancia: 49 media: 95264
algoritmo: grasp instancia: 50 media: 37941
algoritmo: genetic instancia: 50 media: 693.2
algoritmo: memetic instancia: 50 media: 94030.7
algoritmo: grasp instancia: 51 media: 36021.6
algoritmo: genetic instancia: 51 media: 688.367
algoritmo: memetic instancia: 51 media: 97955.7
algoritmo: grasp instancia: 52 media: 35748.7
algoritmo: genetic instancia: 52 media: 677.933
algoritmo: memetic instancia: 52 media: 99411
algoritmo: grasp instancia: 53 media: 35087.8
algoritmo: genetic instancia: 53 media: 682.467
algoritmo: memetic instancia: 53 media: 90843
algoritmo: grasp instancia: 54 media: 34787.9
algoritmo: genetic instancia: 54 media: 706.2
algoritmo: memetic instancia: 54 media: 96057.8
algoritmo: grasp instancia: 55 media: 38905.6
algoritmo: genetic instancia: 55 media: 688.833
algoritmo: memetic instancia: 55 media: 96753.4
algoritmo: grasp instancia: 56 media: 38705.1
algoritmo: genetic instancia: 56 media: 689.833
algoritmo: memetic instancia: 56 media: 94433.5
algoritmo: grasp instancia: 57 media: 36322
algoritmo: genetic instancia: 57 media: 704.7
algoritmo: memetic instancia: 57 media: 90924.6
algoritmo: grasp instancia: 58 media: 37865.4
algoritmo: genetic instancia: 58 media: 681.033
algoritmo: memetic instancia: 58 media: 95230.5
algoritmo: grasp instancia: 59 media: 36561.6
algoritmo: genetic instancia: 59 media: 683.5
algoritmo: memetic instancia: 59 media: 99768.1
algoritmo: grasp instancia: 60 media: 37094.6
algoritmo: genetic instancia: 60 media: 695.267
algoritmo: memetic instancia: 60 media: 97284.3
algoritmo: grasp instancia: 61 media: 104979
algoritmo: genetic instancia: 61 media: 692.733
algoritmo: memetic instancia: 61 media: 104256
algoritmo: grasp instancia: 62 media: 111100
algoritmo: genetic instancia: 62 media: 714.6
algoritmo: memetic instancia: 62 media: 103384
algoritmo: grasp instancia: 63 media: 104709
algoritmo: genetic instancia: 63 media: 696.067
algoritmo: memetic instancia: 63 media: 102901
algoritmo: grasp instancia: 64 media: 107635
algoritmo: genetic instancia: 64 media: 690.267
algoritmo: memetic instancia: 64 media: 103373
algoritmo: grasp instancia: 65 media: 95511.6
algoritmo: genetic instancia: 65 media: 698.867
algoritmo: memetic instancia: 65 media: 104037
algoritmo: grasp instancia: 66 media: 93562.1
algoritmo: genetic instancia: 66 media: 698.6
algoritmo: memetic instancia: 66 media: 103575
algoritmo: grasp instancia: 67 media: 96962.2
algoritmo: genetic instancia: 67 media: 687.967
algoritmo: memetic instancia: 67 media: 103206
algoritmo: grasp instancia: 68 media: 89783
algoritmo: genetic instancia: 68 media: 700.533
algoritmo: memetic instancia: 68 media: 102831
algoritmo: grasp instancia: 69 media: 97418.4
algoritmo: genetic instancia: 69 media: 685.733
algoritmo: memetic instancia: 69 media: 103325
algoritmo: grasp instancia: 70 media: 94577
algoritmo: genetic instancia: 70 media: 671.533
algoritmo: memetic instancia: 70 media: 102660
algoritmo: grasp instancia: 71 media: 93633.5
algoritmo: genetic instancia: 71 media: 694.167
algoritmo: memetic instancia: 71 media: 103239
algoritmo: grasp instancia: 72 media: 92096.5
algoritmo: genetic instancia: 72 media: 712.233
algoritmo: memetic instancia: 72 media: 104283
algoritmo: grasp instancia: 73 media: 98515.4
algoritmo: genetic instancia: 73 media: 696.867
algoritmo: memetic instancia: 73 media: 103251
algoritmo: grasp instancia: 74 media: 91502.1
algoritmo: genetic instancia: 74 media: 721.433
algoritmo: memetic instancia: 74 media: 103518
algoritmo: grasp instancia: 75 media: 93778.2
algoritmo: genetic instancia: 75 media: 693.8
algoritmo: memetic instancia: 75 media: 103482
algoritmo: grasp instancia: 76 media: 98009.4
algoritmo: genetic instancia: 76 media: 695.733
algoritmo: memetic instancia: 76 media: 103325
algoritmo: grasp instancia: 77 media: 96789.9
algoritmo: genetic instancia: 77 media: 684.633
algoritmo: memetic instancia: 77 media: 103475
algoritmo: grasp instancia: 78 media: 99459.3
algoritmo: genetic instancia: 78 media: 675.467
algoritmo: memetic instancia: 78 media: 103411
algoritmo: grasp instancia: 79 media: 93882.5
algoritmo: genetic instancia: 79 media: 717.367
algoritmo: memetic instancia: 79 media: 105405
algoritmo: grasp instancia: 80 media: 98569.5
algoritmo: genetic instancia: 80 media: 688.333
algoritmo: memetic instancia: 80 media: 103414
algoritmo: grasp instancia: 81 media: 215160
algoritmo: genetic instancia: 81 media: 703.467
algoritmo: memetic instancia: 81 media: 108172
algoritmo: grasp instancia: 82 media: 195989
algoritmo: genetic instancia: 82 media: 694.767
algoritmo: memetic instancia: 82 media: 108102
algoritmo: grasp instancia: 83 media: 205242
algoritmo: genetic instancia: 83 media: 698.9
algoritmo: memetic instancia: 83 media: 109372
algoritmo: grasp instancia: 84 media: 195870
algoritmo: genetic instancia: 84 media: 689.767
algoritmo: memetic instancia: 84 media: 110270
algoritmo: grasp instancia: 85 media: 197239
algoritmo: genetic instancia: 85 media: 699.7
algoritmo: memetic instancia: 85 media: 108367
algoritmo: grasp instancia: 86 media: 208333
algoritmo: genetic instancia: 86 media: 693.933
algoritmo: memetic instancia: 86 media: 106876
algoritmo: grasp instancia: 87 media: 195618
algoritmo: genetic instancia: 87 media: 680.467
algoritmo: memetic instancia: 87 media: 107486
algoritmo: grasp instancia: 88 media: 207536
algoritmo: genetic instancia: 88 media: 715.067
algoritmo: memetic instancia: 88 media: 105294
algoritmo: grasp instancia: 89 media: 205961
algoritmo: genetic instancia: 89 media: 704.333
algoritmo: memetic instancia: 89 media: 108428
algoritmo: grasp instancia: 90 media: 201842
algoritmo: genetic instancia: 90 media: 696.6
algoritmo: memetic instancia: 90 media: 107906
algoritmo: grasp instancia: 91 media: 201468
algoritmo: genetic instancia: 91 media: 697.833
algoritmo: memetic instancia: 91 media: 109100
algoritmo: grasp instancia: 92 media: 196381
algoritmo: genetic instancia: 92 media: 698.167
algoritmo: memetic instancia: 92 media: 107595
algoritmo: grasp instancia: 93 media: 193766
algoritmo: genetic instancia: 93 media: 678.7
algoritmo: memetic instancia: 93 media: 105861
algoritmo: grasp instancia: 94 media: 208128
algoritmo: genetic instancia: 94 media: 695.033
algoritmo: memetic instancia: 94 media: 106073
algoritmo: grasp instancia: 95 media: 199777
algoritmo: genetic instancia: 95 media: 697.633
algoritmo: memetic instancia: 95 media: 107978
algoritmo: grasp instancia: 96 media: 217566
algoritmo: genetic instancia: 96 media: 681.4
algoritmo: memetic instancia: 96 media: 106304
algoritmo: grasp instancia: 97 media: 194754
algoritmo: genetic instancia: 97 media: 710.267
algoritmo: memetic instancia: 97 media: 105685
algoritmo: grasp instancia: 98 media: 194850
algoritmo: genetic instancia: 98 media: 686.2
algoritmo: memetic instancia: 98 media: 105990
algoritmo: grasp instancia: 99 media: 206256
algoritmo: genetic instancia: 99 media: 694
algoritmo: memetic instancia: 99 media: 108554
algoritmo: grasp instancia: 100 media: 193629
algoritmo: genetic instancia: 100 media: 704.8
algoritmo: memetic instancia: 100 media: 105513
