\begin{sidewaystable}[ht!]
\centering
\renewcommand{\arraystretch}{1.0}
\resizebox{\textwidth}{!}{
\begin{tabular}{|p{2cm}|c|c|c|c|c|c|c|c|c|}
\hline
\multirow{2}{2cm}{\textbf{Inst\^ancia}} & \multicolumn{3}{c|}{\textbf{Grasp}} & \multicolumn{3}{c|}{\textbf{Genético}} & \multicolumn{3}{c|}{\textbf{Memetic}} \\
\cline{2-4} \cline{5-7} \cline{8-10}
& \textbf{M\'edia} & \textbf{Mediana} & \textbf{Desvio Padr\'ao} & \textbf{M\'edia} & \textbf{Mediana} & \textbf{Desvio Padr\'ao} & \textbf{M\'edia} & \textbf{Mediana} & \textbf{Desvio Padr\'ao} \\
\hline
81 & 4330.70 & 4307.65 & 204.61 & -27311.42 & -26939.00 & 6519.05 & 4102.21 & 4026.60 & 449.14 \\
\cline{1-10}
82 & 4367.24 & 4389.05 & 166.82 & -24768.30 & -23889.75 & 7012.50 & 3933.06 & 3830.95 & 413.80 \\
\cline{1-10}
83 & 4263.34 & 4252.35 & 177.75 & -26116.27 & -25764.30 & 6420.61 & 3859.39 & 3817.30 & 425.55 \\
\cline{1-10}
84 & 4449.94 & 4461.25 & 192.21 & -24365.63 & -24359.30 & 5036.02 & 4085.39 & 4035.95 & 395.17 \\
\cline{1-10}
85 & 4198.92 & 4197.05 & 149.72 & -24046.82 & -23447.35 & 6393.60 & 3911.20 & 3913.85 & 348.41 \\
\cline{1-10}
86 & 4156.36 & 4098.70 & 204.18 & -24999.06 & -25826.95 & 6072.86 & 3892.78 & 4003.55 & 417.50 \\
\cline{1-10}
87 & 4381.08 & 4349.95 & 142.06 & -25919.61 & -26044.45 & 6245.97 & 4115.36 & 4106.55 & 268.09 \\
\cline{1-10}
88 & 3965.25 & 3940.80 & 167.96 & -26246.58 & -25887.70 & 6780.56 & 3659.85 & 3707.00 & 484.19 \\
\cline{1-10}
89 & 4184.91 & 4205.45 & 184.26 & -26386.49 & -25168.25 & 6765.28 & 3767.27 & 3797.60 & 384.15 \\
\cline{1-10}
90 & 4081.81 & 4088.75 & 165.38 & -24799.23 & -23306.85 & 6534.76 & 3785.60 & 3737.05 & 421.24 \\
\cline{1-10}
91 & 4236.97 & 4209.90 & 155.30 & -25326.38 & -25854.55 & 6562.63 & 3882.04 & 3856.40 & 416.89 \\
\cline{1-10}
92 & 4492.80 & 4457.40 & 189.33 & -24642.58 & -24532.80 & 6185.63 & 4027.42 & 4017.65 & 288.64 \\
\cline{1-10}
93 & 4487.82 & 4462.95 & 228.28 & -23110.39 & -22495.65 & 5929.12 & 4139.55 & 4120.50 & 393.43 \\
\cline{1-10}
94 & 4202.81 & 4158.85 & 178.87 & -25432.88 & -25088.20 & 5794.88 & 3935.45 & 3795.65 & 417.13 \\
\cline{1-10}
95 & 4300.41 & 4306.15 & 172.87 & -23790.83 & -23472.50 & 6524.87 & 3913.47 & 3971.40 & 431.71 \\
\cline{1-10}
96 & 4249.90 & 4235.30 & 195.49 & -25554.36 & -26561.95 & 6482.07 & 3873.60 & 3820.70 & 416.90 \\
\cline{1-10}
97 & 4434.36 & 4400.80 & 216.88 & -25093.73 & -26049.05 & 7027.54 & 4084.86 & 4135.40 & 342.25 \\
\cline{1-10}
98 & 4518.31 & 4519.65 & 160.70 & -23225.12 & -23716.45 & 6286.93 & 4106.22 & 4106.95 & 440.50 \\
\cline{1-10}
99 & 4221.56 & 4224.20 & 204.90 & -24278.07 & -23742.75 & 5402.43 & 3913.19 & 3847.70 & 408.83 \\
\cline{1-10}
100 & 4363.75 & 4342.05 & 213.35 & -23685.38 & -23704.75 & 6543.23 & 4132.50 & 4104.95 & 399.77 \\
\cline{1-10}
\hline
\end{tabular}
}
\caption{Resultados dos 3 algoritmos para N = 500}
\end{sidewaystable}
