\begin{table}[ht!]
\centering
\renewcommand{\arraystretch}{1.2}
\begin{tabular}{|p{2cm}|c|c|c|c|c|}
\hline
\multirow{2}{2cm}{\textbf{Inst\^ancia}} & \multicolumn{5}{c|}{\textbf{vnd}} \\
\cline{2-6}
& \textbf{M\'edia} & \textbf{Mediana} & \textbf{Desvio Padr\'ao} & \textbf{M\'aximo} & \textbf{M\'inimo} \\
\hline
1 & -66293.75 & -55328.40 & 46690.74 & -10150.60 & -128542.00 \\
\cline{1-6}
2 & -50142.88 & -32398.55 & 37418.51 & -11954.30 & -123957.00 \\
\cline{1-6}
3 & -51772.53 & -38101.45 & 37204.67 & -7476.60 & -126316.00 \\
\cline{1-6}
4 & -59162.78 & -44599.20 & 39820.45 & -14424.10 & -130635.00 \\
\cline{1-6}
5 & -59283.28 & -47237.75 & 41278.80 & -15373.40 & -131102.00 \\
\cline{1-6}
6 & -69197.07 & -80748.10 & 43967.77 & -9409.00 & -137918.00 \\
\cline{1-6}
7 & -52412.71 & -34203.75 & 38243.93 & -9043.00 & -125540.00 \\
\cline{1-6}
8 & -57735.50 & -35756.40 & 40110.80 & -14169.80 & -130020.00 \\
\cline{1-6}
9 & -55227.17 & -44846.70 & 40880.95 & -11413.80 & -138546.00 \\
\cline{1-6}
10 & -44786.58 & -24671.50 & 31677.26 & -5238.20 & -111136.00 \\
\cline{1-6}
11 & -66087.15 & -32889.90 & 48134.08 & -11382.70 & -130224.00 \\
\cline{1-6}
12 & -50084.44 & -30349.90 & 32015.14 & -15077.90 & -116704.00 \\
\cline{1-6}
13 & -53683.75 & -32289.45 & 38049.20 & -19481.70 & -133231.00 \\
\cline{1-6}
14 & -41044.12 & -17289.20 & 42532.86 & -3760.60 & -127661.00 \\
\cline{1-6}
15 & -43432.81 & -31775.15 & 26256.22 & -12901.70 & -123454.00 \\
\cline{1-6}
16 & -43124.69 & -24259.10 & 36184.73 & -13760.70 & -134622.00 \\
\cline{1-6}
17 & -64535.60 & -51412.60 & 41821.41 & -20578.20 & -133575.00 \\
\cline{1-6}
18 & -44520.14 & -28215.45 & 34412.15 & -11336.10 & -122228.00 \\
\cline{1-6}
19 & -60299.61 & -54517.60 & 38592.28 & -12196.40 & -133384.00 \\
\cline{1-6}
20 & -52774.50 & -29315.60 & 40766.15 & -13801.30 & -130801.00 \\
\cline{1-6}
\hline
\end{tabular}
\caption{Resultados vnd para N = 25}
\end{table}
